[debug] [2022-11-02T02:32:39.265Z] ----------------------------------------------------------------------
[debug] [2022-11-02T02:32:39.268Z] Command:       C:\Program Files\nodejs\node.exe C:\Users\pc-4\AppData\Roaming\npm\node_modules\firebase-tools\lib\bin\firebase.js deploy
[debug] [2022-11-02T02:32:39.269Z] CLI Version:   11.14.3
[debug] [2022-11-02T02:32:39.270Z] Platform:      win32
[debug] [2022-11-02T02:32:39.270Z] Node Version:  v16.15.0
[debug] [2022-11-02T02:32:39.283Z] Time:          Tue Nov 01 2022 22:32:39 GMT-0400 (Eastern Daylight Time)
[debug] [2022-11-02T02:32:39.284Z] ----------------------------------------------------------------------
[debug] 
[debug] [2022-11-02T02:32:39.296Z] >>> [apiv2][query] GET https://firebase-public.firebaseio.com/cli.json [none]
[debug] [2022-11-02T02:32:39.493Z] > refreshing access token with scopes: []
[debug] [2022-11-02T02:32:39.497Z] >>> [apiv2][query] POST https://www.googleapis.com/oauth2/v3/token [none]
[debug] [2022-11-02T02:32:39.497Z] >>> [apiv2][body] POST https://www.googleapis.com/oauth2/v3/token [omitted]
[debug] [2022-11-02T02:32:40.264Z] <<< [apiv2][status] POST https://www.googleapis.com/oauth2/v3/token 200
[debug] [2022-11-02T02:32:40.264Z] <<< [apiv2][body] POST https://www.googleapis.com/oauth2/v3/token [omitted]
[debug] [2022-11-02T02:32:40.288Z] >>> [apiv2][query] GET https://firebase.googleapis.com/v1beta1/projects/undefined [none]
[debug] [2022-11-02T02:32:40.466Z] <<< [apiv2][status] GET https://firebase-public.firebaseio.com/cli.json 200
[debug] [2022-11-02T02:32:40.466Z] <<< [apiv2][body] GET https://firebase-public.firebaseio.com/cli.json {"cloudBuildErrorAfter":1594252800000,"cloudBuildWarnAfter":1590019200000,"defaultNode10After":1594252800000,"minVersion":"3.0.5","node8DeploysDisabledAfter":1613390400000,"node8RuntimeDisabledAfter":1615809600000,"node8WarnAfter":1600128000000}
[debug] [2022-11-02T02:32:41.345Z] <<< [apiv2][status] GET https://firebase.googleapis.com/v1beta1/projects/undefined 403
[debug] [2022-11-02T02:32:41.347Z] <<< [apiv2][body] GET https://firebase.googleapis.com/v1beta1/projects/undefined {"error":{"code":403,"message":"The caller does not have permission","status":"PERMISSION_DENIED"}}
[debug] [2022-11-02T02:32:41.353Z] HTTP Error: 403, The caller does not have permission
[debug] [2022-11-02T02:32:42.070Z] FirebaseError: HTTP Error: 403, The caller does not have permission
    at responseToError (C:\Users\pc-4\AppData\Roaming\npm\node_modules\firebase-tools\lib\responseToError.js:49:12)
    at RetryOperation._fn (C:\Users\pc-4\AppData\Roaming\npm\node_modules\firebase-tools\lib\apiv2.js:288:77)
    at processTicksAndRejections (node:internal/process/task_queues:96:5)
[error] 
[error] Error: Failed to get Firebase project undefined. Please make sure the project exists and your account has permission to access it.
